[2025-02-05T11:08:30.721Z] INFO: rohit data
[2025-02-05T11:09:54.105Z] INFO: rohit data
[2025-02-05T11:10:35.786Z] INFO: rohit data
[2025-02-05T11:10:48.441Z] INFO: rohit data holl
[2025-02-05T12:19:12.129Z] ERROR: exception occurred at checkAccountExist : {"_original":{},"details":[{"message":"\"value\" must contain at least one of [phoneNumber, email]","path":[],"type":"object.missing","context":{"peers":["phoneNumber","email"],"peersWithLabels":["phoneNumber","email"],"label":"value","value":{}}}]}
[2025-02-05T12:20:41.616Z] ERROR: exception occurred at checkAccountExist : {"_original":{},"details":[{"message":"\"value\" must contain at least one of [phoneNumber, email]","path":[],"type":"object.missing","context":{"peers":["phoneNumber","email"],"peersWithLabels":["phoneNumber","email"],"label":"value","value":{}}}]}
[2025-02-05T12:25:51.127Z] INFO: Request body for validation
[2025-02-05T12:25:51.134Z] ERROR: exception occurred at checkAccountExist : {"_original":{},"details":[{"message":"\"value\" must contain at least one of [phoneNumber, email]","path":[],"type":"object.missing","context":{"peers":["phoneNumber","email"],"peersWithLabels":["phoneNumber","email"],"label":"value","value":{}}}]}
[2025-02-05T12:28:07.763Z] INFO: Request body for validation
[2025-02-05T12:28:07.769Z] ERROR: exception occurred at checkAccountExist : {"_original":{},"details":[{"message":"\"value\" must contain at least one of [phoneNumber, email]","path":[],"type":"object.missing","context":{"peers":["phoneNumber","email"],"peersWithLabels":["phoneNumber","email"],"label":"value","value":{}}}]}
[2025-02-05T12:31:53.176Z] INFO: Request body for validation
[2025-02-05T12:31:53.183Z] INFO: Phone Number:
[2025-02-05T12:31:53.183Z] INFO: Email:
[2025-02-05T12:33:01.258Z] INFO: Request body for validation
[2025-02-05T12:33:01.263Z] INFO: Phone Number:
[2025-02-05T12:33:01.263Z] INFO: Email:
[2025-02-05T12:35:17.320Z] INFO: Phone Number:
[2025-02-05T12:35:17.323Z] INFO: Email:
[2025-02-05T12:36:41.365Z] INFO: Phone Number:
[2025-02-05T12:36:41.368Z] INFO: Email:
[2025-02-05T12:36:41.448Z] ERROR: Error sending OTP: __filename is not defined
[2025-02-05T12:39:32.092Z] INFO: Phone Number:
[2025-02-05T12:39:32.096Z] INFO: Email:
[2025-02-05T12:39:32.175Z] ERROR: Error sending OTP: __filename is not defined
[2025-02-05T12:42:24.311Z] INFO: Phone Number:
[2025-02-05T12:42:24.315Z] INFO: Email:
[2025-02-05T12:42:24.403Z] INFO: OTPLESS_CLIENT_ID OR OTPLESS_CLIENT_SECRET OR OTPLESS_EXPIRY_TIME OR OTPLESS_LENGTH may not be in .env
[2025-02-05T12:42:39.153Z] INFO: Phone Number:
[2025-02-05T12:42:39.157Z] INFO: Email:
[2025-02-05T12:42:39.240Z] INFO: OTPLESS_CLIENT_ID OR OTPLESS_CLIENT_SECRET OR OTPLESS_EXPIRY_TIME OR OTPLESS_LENGTH may not be in .env
[2025-02-05T12:48:42.857Z] INFO: Phone Number:
[2025-02-05T12:48:42.860Z] INFO: Email:
[2025-02-05T12:48:42.954Z] INFO: OTPLESS_CLIENT_ID OR OTPLESS_CLIENT_SECRET OR OTPLESS_EXPIRY_TIME OR OTPLESS_LENGTH may not be in .env
[2025-02-05T12:56:35.298Z] INFO: Phone Number:
[2025-02-05T12:56:35.302Z] INFO: Email:
[2025-02-05T12:56:35.394Z] INFO: OTPLESS_CLIENT_ID OR OTPLESS_CLIENT_SECRET OR OTPLESS_EXPIRY_TIME OR OTPLESS_LENGTH may not be in .env
[2025-02-05T12:57:22.250Z] INFO: Phone Number:
[2025-02-05T12:57:22.253Z] INFO: Email:
[2025-02-05T12:57:22.335Z] INFO: OTPLESS_CLIENT_ID OR OTPLESS_CLIENT_SECRET OR OTPLESS_EXPIRY_TIME OR OTPLESS_LENGTH may not be in .env
[2025-02-05T12:58:05.012Z] INFO: Phone Number:
[2025-02-05T12:58:05.015Z] INFO: Email:
[2025-02-05T12:58:05.107Z] INFO: OTPLESS_CLIENT_ID OR OTPLESS_CLIENT_SECRET OR OTPLESS_EXPIRY_TIME OR OTPLESS_LENGTH may not be in .env
[2025-02-05T13:02:31.963Z] INFO: Phone Number:
[2025-02-05T13:02:31.966Z] INFO: Email:
[2025-02-05T13:02:32.064Z] INFO: OTPLESS_CLIENT_ID OR OTPLESS_CLIENT_SECRET OR OTPLESS_EXPIRY_TIME OR OTPLESS_LENGTH may not be in .env
[2025-02-05T13:04:41.430Z] INFO: Phone Number:
[2025-02-05T13:04:41.433Z] INFO: Email:
[2025-02-05T13:04:41.515Z] INFO: OTPLESS_CLIENT_ID OR OTPLESS_CLIENT_SECRET OR OTPLESS_EXPIRY_TIME OR OTPLESS_LENGTH may not be in .env
[2025-02-05T13:05:52.205Z] INFO: Phone Number:
[2025-02-05T13:05:52.208Z] INFO: Email:
[2025-02-05T13:05:52.285Z] ERROR: Error while sending OTP
[2025-02-05T13:06:22.533Z] INFO: Phone Number:
[2025-02-05T13:06:22.537Z] INFO: Email:
[2025-02-05T13:06:22.633Z] INFO: OTPLESS_CLIENT_ID OR OTPLESS_CLIENT_SECRET OR OTPLESS_EXPIRY_TIME OR OTPLESS_LENGTH may not be in .env
[2025-02-05T13:10:57.695Z] INFO: Phone Number:
[2025-02-05T13:10:57.697Z] INFO: Email:
[2025-02-05T13:10:57.884Z] INFO: OTPLESS_CLIENT_ID OR OTPLESS_CLIENT_SECRET OR OTPLESS_EXPIRY_TIME OR OTPLESS_LENGTH may not be in .env
[2025-02-05T13:12:52.940Z] INFO: Phone Number:
[2025-02-05T13:12:52.953Z] INFO: Email:
[2025-02-05T13:12:54.125Z] INFO: OTPLESS_CLIENT_ID OR OTPLESS_CLIENT_SECRET OR OTPLESS_EXPIRY_TIME OR OTPLESS_LENGTH may not be in .env
[2025-02-05T13:14:54.930Z] INFO: OTPLESS_CLIENT_ID OR OTPLESS_CLIENT_SECRET OR OTPLESS_EXPIRY_TIME OR OTPLESS_LENGTH may not be in .env
[2025-02-05T13:19:19.751Z] INFO: OTPLESS_CLIENT_ID OR OTPLESS_CLIENT_SECRET OR OTPLESS_EXPIRY_TIME OR OTPLESS_LENGTH may not be in .env
[2025-02-05T13:26:36.718Z] INFO: OTPLESS_CLIENT_ID OR OTPLESS_CLIENT_SECRET OR OTPLESS_EXPIRY_TIME OR OTPLESS_LENGTH may not be in .env
[2025-02-05T13:32:11.426Z] ERROR: exception occurred at checkAccountExist : {}
[2025-02-05T13:35:16.370Z] INFO: OTPLESS_CLIENT_ID OR OTPLESS_CLIENT_SECRET OR OTPLESS_EXPIRY_TIME OR OTPLESS_LENGTH may not be in .env
[2025-02-05T13:37:16.606Z] INFO: OTP sent successfully...
[2025-02-05T13:38:01.445Z] INFO: OTPLESS_CLIENT_ID OR OTPLESS_CLIENT_SECRET OR OTPLESS_EXPIRY_TIME OR OTPLESS_LENGTH may not be in .env
[2025-02-05T13:41:10.056Z] INFO: OTPLESS_CLIENT_ID OR OTPLESS_CLIENT_SECRET OR OTPLESS_EXPIRY_TIME OR OTPLESS_LENGTH may not be in .env
[2025-02-05T13:51:56.466Z] INFO: OTP sent successfully...
[2025-02-05T13:55:15.034Z] INFO: OTP sent successfully...
[2025-02-05T13:59:15.640Z] ERROR: exception occurred at checkAccountExist : {"_original":{},"details":[{"message":"\"value\" must contain at least one of [phoneNumber, email]","path":[],"type":"object.missing","context":{"peers":["phoneNumber","email"],"peersWithLabels":["phoneNumber","email"],"label":"value","value":{}}}]}
[2025-02-05T13:59:16.681Z] ERROR: exception occurred at checkAccountExist : {"_original":{},"details":[{"message":"\"value\" must contain at least one of [phoneNumber, email]","path":[],"type":"object.missing","context":{"peers":["phoneNumber","email"],"peersWithLabels":["phoneNumber","email"],"label":"value","value":{}}}]}
[2025-02-05T13:59:51.390Z] INFO: OTP sent successfully...
[2025-02-05T17:04:14.415Z] INFO: OTP sent successfully...
[2025-02-05T17:08:55.933Z] INFO: for otp varification 
[2025-02-05T17:10:33.417Z] INFO: for otp varification 
[2025-02-05T17:11:16.639Z] INFO: OTP sent successfully...
[2025-02-05T17:11:39.918Z] INFO: for otp varification 
[2025-02-06T02:21:17.110Z] INFO: OTP sent successfully...
[2025-02-06T02:25:37.605Z] INFO: OTP sent successfully...
[2025-02-06T02:28:16.123Z] INFO: OTP sent successfully...
[2025-02-06T02:56:17.612Z] INFO: OTP sent successfully...
[2025-02-06T02:56:17.620Z] ERROR: Error sending OTP: otpID is not defined
[2025-02-06T02:57:12.292Z] INFO: OTP sent successfully...
[2025-02-06T02:59:17.962Z] INFO: for otp varification 
[2025-02-06T03:00:06.213Z] INFO: for otp varification 
[2025-02-06T03:16:32.119Z] INFO: OTP sent successfully...
[2025-02-06T03:18:15.319Z] INFO: OTP sent successfully...
[2025-02-06T03:19:14.142Z] INFO: for otp varification 
[2025-02-06T03:22:54.077Z] INFO: OTP sent successfully...
[2025-02-06T03:23:23.299Z] INFO: for otp varification 
[2025-02-06T03:25:50.734Z] INFO: for otp varification 
[2025-02-06T03:25:50.739Z] INFO: for otp varification 
[2025-02-06T03:27:05.299Z] INFO: for otp varification 
[2025-02-06T03:29:22.011Z] INFO: OTP sent successfully...
[2025-02-06T03:29:57.485Z] INFO: for otp varification 
[2025-02-06T03:31:31.841Z] INFO: for otp varification 
[2025-02-06T03:37:36.205Z] INFO: OTP sent successfully...
[2025-02-06T03:37:58.200Z] INFO: for otp varification 
[2025-02-06T03:37:58.206Z] INFO: Verify OTP method starts
[2025-02-06T03:37:59.736Z] INFO: OTP verified
[2025-02-06T03:37:59.738Z] INFO: signUp data {"name":"rohit kumar","password":"@12345","phoneNumber":"+919654853181"}
[2025-02-06T03:37:59.940Z] ERROR: exception occurred at signUpController : {}
[2025-02-06T03:43:25.190Z] INFO: OTP sent successfully...
[2025-02-06T03:43:48.951Z] INFO: for otp varification 
[2025-02-06T03:43:48.957Z] INFO: Verify OTP method starts
[2025-02-06T03:43:49.544Z] INFO: OTP verified
[2025-02-06T03:43:49.546Z] INFO: signUp data {"name":"rohit","password":"@12345","phoneNumber":"+919654853181"}
[2025-02-06T03:43:49.752Z] ERROR: error occurred at ReferenceError: key is not defined
[2025-02-06T03:43:49.772Z] ERROR: exception occurred at signUpController : {"errors":{"password":{"name":"ValidatorError","message":"Path `password` is required.","properties":{"message":"Path `password` is required.","type":"required","path":"password"},"kind":"required","path":"password"}},"_message":"user validation failed","name":"ValidationError","message":"user validation failed: password: Path `password` is required."}
[2025-02-06T03:45:55.515Z] INFO: OTP sent successfully...
[2025-02-06T03:46:15.039Z] INFO: for otp varification 
[2025-02-06T03:46:15.044Z] INFO: Verify OTP method starts
[2025-02-06T03:46:16.467Z] INFO: OTP verified
[2025-02-06T03:46:16.468Z] INFO: signUp data {"name":"rohit","password":"@12345","phoneNumber":"+919654853181"}
[2025-02-06T03:46:16.808Z] INFO: user created {
  name: 'rohit',
  password: '$2b$10$HXuM7lAOgfv1WOSi1XB/..7ehun.TSBDs5l5LKbqwd80J1H7i/FJO',
  phoneNumber: '+919654853181',
  _id: new ObjectId('67a430887a838d2e80ca185f'),
  __v: 0
}
[2025-02-06T03:46:16.809Z] INFO: Starting generateToken...
[2025-02-06T03:46:16.810Z] INFO: token generation starts.
[2025-02-06T03:46:16.826Z] INFO: generateToken ends
[2025-02-06T04:09:02.081Z] INFO: login start
[2025-02-06T04:09:02.263Z] INFO: user data {
  _id: new ObjectId('67a430887a838d2e80ca185f'),
  password: '$2b$10$HXuM7lAOgfv1WOSi1XB/..7ehun.TSBDs5l5LKbqwd80J1H7i/FJO'
}
[2025-02-06T04:09:02.370Z] INFO: Starting generateToken...
[2025-02-06T04:09:02.372Z] INFO: token generation starts.
[2025-02-06T04:09:02.382Z] INFO: generateToken ends
[2025-02-06T04:12:05.449Z] INFO: login start
[2025-02-06T04:12:05.772Z] INFO: user data {
  _id: new ObjectId('67a430887a838d2e80ca185f'),
  password: '$2b$10$HXuM7lAOgfv1WOSi1XB/..7ehun.TSBDs5l5LKbqwd80J1H7i/FJO'
}
[2025-02-06T04:12:05.870Z] INFO: Starting generateToken...
[2025-02-06T04:12:05.871Z] INFO: token generation starts.
[2025-02-06T04:12:05.874Z] INFO: generateToken ends
[2025-02-06T05:21:18.501Z] INFO: login start
[2025-02-06T05:21:18.625Z] INFO: user data {
  _id: new ObjectId('67a430887a838d2e80ca185f'),
  password: '$2b$10$HXuM7lAOgfv1WOSi1XB/..7ehun.TSBDs5l5LKbqwd80J1H7i/FJO'
}
[2025-02-06T05:21:18.719Z] INFO: Starting generateToken...
[2025-02-06T05:21:18.720Z] INFO: token generation starts.
[2025-02-06T05:21:18.727Z] INFO: generateToken ends
[2025-02-06T05:44:04.032Z] INFO: OTP sent successfully...
[2025-02-06T05:45:09.446Z] INFO: for otp varification 
[2025-02-06T05:45:09.623Z] INFO: email data is { _id: new ObjectId('67a44c24739f155e77499242'), mailOtp: '8425' }
[2025-02-06T05:45:09.783Z] INFO: otp varification is successfully done
[2025-02-06T05:45:09.785Z] INFO: signUp data {"name":"rohit kumar","password":"@54321","email":"rohitkumar9643017@gail.com"}
[2025-02-06T05:45:10.272Z] INFO: user created {
  name: 'rohit kumar',
  password: '$2b$10$NS8OeS6.qwj/kV3U/4Zo0uhII122mzZfzQnEAl.z8xleKC32gd8iS',
  email: 'rohitkumar9643017@gail.com',
  _id: new ObjectId('67a44c66739f155e77499247'),
  __v: 0
}
[2025-02-06T05:45:10.273Z] INFO: Starting generateToken...
[2025-02-06T05:45:10.274Z] INFO: token generation starts.
[2025-02-06T05:45:10.285Z] INFO: generateToken ends
[2025-02-06T05:45:45.431Z] INFO: login start
[2025-02-06T05:45:45.541Z] ERROR: exception occurred at loginController : {"code":"ERR_HTTP_HEADERS_SENT"}
[2025-02-06T05:45:58.739Z] INFO: login start
[2025-02-06T05:45:58.992Z] ERROR: exception occurred at loginController : {"code":"ERR_HTTP_HEADERS_SENT"}
[2025-02-06T05:46:14.959Z] INFO: login start
[2025-02-06T05:46:15.902Z] ERROR: exception occurred at loginController : {"code":"ERR_HTTP_HEADERS_SENT"}
[2025-02-06T05:47:31.146Z] INFO: login start
[2025-02-06T05:47:31.262Z] ERROR: exception occurred at loginController : {"code":"ERR_HTTP_HEADERS_SENT"}
[2025-02-06T05:47:47.424Z] ERROR: exception occurred at loginController : {"_original":{"password":"@12345","email":"rohitkumar9643017@gmail.com","phoneNumber":"+919654853181"},"details":[{"message":"Provide either Phone number or Email, but not both or neither","path":[],"type":"object.xor","context":{"peers":["phoneNumber","email"],"peersWithLabels":["phoneNumber","email"],"present":["phoneNumber","email"],"presentWithLabels":["phoneNumber","email"],"label":"value","value":{"password":"@12345","email":"rohitkumar9643017@gmail.com","phoneNumber":"+919654853181"}}}]}
[2025-02-06T05:49:39.309Z] ERROR: exception occurred at checkAccountExist : {"_original":{"phoneNumber":"+919654853181","email":"rohitkumar9643017@gmail.com"},"details":[{"message":"Provide either Phone number or Email, but not both or neither","path":[],"type":"object.xor","context":{"peers":["phoneNumber","email"],"peersWithLabels":["phoneNumber","email"],"present":["phoneNumber","email"],"presentWithLabels":["phoneNumber","email"],"label":"value","value":{"phoneNumber":"+919654853181","email":"rohitkumar9643017@gmail.com"}}}]}
[2025-02-06T05:49:47.524Z] ERROR: exception occurred at checkAccountExist : {"_original":{"phoneNumber":"+919654853181","email":"rohitkumar9643017@gmail.com"},"details":[{"message":"Provide either Phone number or Email, but not both or neither","path":[],"type":"object.xor","context":{"peers":["phoneNumber","email"],"peersWithLabels":["phoneNumber","email"],"present":["phoneNumber","email"],"presentWithLabels":["phoneNumber","email"],"label":"value","value":{"phoneNumber":"+919654853181","email":"rohitkumar9643017@gmail.com"}}}]}
[2025-02-06T05:49:53.789Z] ERROR: exception occurred at checkAccountExist : {"_original":{"phoneNumber":"+919654853181","email":"rohitkumar9643017@gmail.com"},"details":[{"message":"Provide either Phone number or Email, but not both or neither","path":[],"type":"object.xor","context":{"peers":["phoneNumber","email"],"peersWithLabels":["phoneNumber","email"],"present":["phoneNumber","email"],"presentWithLabels":["phoneNumber","email"],"label":"value","value":{"phoneNumber":"+919654853181","email":"rohitkumar9643017@gmail.com"}}}]}
[2025-02-06T05:51:36.480Z] ERROR: exception occurred at checkAccountExist : {"_original":{"phoneNumber":"+919654853181","email":"rohitkumar9643017@gmail.com"},"details":[{"message":"Provide either Phone number or Email, but not both or neither","path":[],"type":"object.xor","context":{"peers":["phoneNumber","email"],"peersWithLabels":["phoneNumber","email"],"present":["phoneNumber","email"],"presentWithLabels":["phoneNumber","email"],"label":"value","value":{"phoneNumber":"+919654853181","email":"rohitkumar9643017@gmail.com"}}}]}
[2025-02-06T05:51:45.105Z] ERROR: exception occurred at checkAccountExist : {"_original":{"phoneNumber":"+919654853181","email":"rohitkumar9643017@gmail.com"},"details":[{"message":"Provide either Phone number or Email, but not both or neither","path":[],"type":"object.xor","context":{"peers":["phoneNumber","email"],"peersWithLabels":["phoneNumber","email"],"present":["phoneNumber","email"],"presentWithLabels":["phoneNumber","email"],"label":"value","value":{"phoneNumber":"+919654853181","email":"rohitkumar9643017@gmail.com"}}}]}
[2025-02-06T05:58:16.483Z] INFO: OTP sent successfully...
[2025-02-06T05:59:30.067Z] INFO: for otp varification 
[2025-02-06T05:59:30.071Z] INFO: Verify OTP method starts
[2025-02-06T05:59:31.021Z] INFO: OTP verified
[2025-02-06T05:59:31.022Z] INFO: signUp data {"name":"rohit","password":"@12345","phoneNumber":"+919654853181"}
[2025-02-06T05:59:31.330Z] INFO: user created {
  name: 'rohit',
  password: '$2b$10$a8jb3OCHifUrEc/VIWUM4uU2cyhoDLWU9TDnVPQwqJtlOryKca9My',
  phoneNumber: '+919654853181',
  _id: new ObjectId('67a44fc3d987837074cf11c9'),
  __v: 0
}
[2025-02-06T05:59:31.332Z] INFO: Starting generateToken...
[2025-02-06T05:59:31.333Z] INFO: token generation starts.
[2025-02-06T05:59:31.347Z] INFO: generateToken ends
[2025-02-06T06:00:01.830Z] INFO: OTP sent successfully...
[2025-02-06T06:01:05.457Z] INFO: for otp varification 
[2025-02-06T06:01:05.567Z] INFO: email data is { _id: new ObjectId('67a44fe1d987837074cf11cd'), mailOtp: '5877' }
[2025-02-06T06:01:05.650Z] INFO: otp varification is successfully done
[2025-02-06T06:01:05.651Z] INFO: signUp data {"name":"aryan","password":"@54321","email":"aakumar66333@gmail.com"}
[2025-02-06T06:01:05.911Z] INFO: user created {
  name: 'aryan',
  password: '$2b$10$Isrd2GqrSwwR2mlTkBO5mePiql15cj6F1v.q0p29DlToItR2vqxRu',
  email: 'aakumar66333@gmail.com',
  _id: new ObjectId('67a45021d987837074cf11d2'),
  __v: 0
}
[2025-02-06T06:01:05.912Z] INFO: Starting generateToken...
[2025-02-06T06:01:05.912Z] INFO: token generation starts.
[2025-02-06T06:01:05.914Z] INFO: generateToken ends
[2025-02-06T06:01:37.160Z] INFO: login start
[2025-02-06T06:01:37.412Z] INFO: Starting generateToken...
[2025-02-06T06:01:37.412Z] INFO: token generation starts.
[2025-02-06T06:01:37.414Z] INFO: generateToken ends
[2025-02-06T06:02:52.239Z] INFO: login start
[2025-02-06T06:02:52.422Z] INFO: Starting generateToken...
[2025-02-06T06:02:52.423Z] INFO: token generation starts.
[2025-02-06T06:02:52.426Z] INFO: generateToken ends
[2025-02-06T06:03:11.650Z] INFO: login start
[2025-02-06T06:03:11.817Z] INFO: user data {
  _id: new ObjectId('67a44fc3d987837074cf11c9'),
  password: '$2b$10$a8jb3OCHifUrEc/VIWUM4uU2cyhoDLWU9TDnVPQwqJtlOryKca9My'
}
[2025-02-06T06:03:11.925Z] INFO: Starting generateToken...
[2025-02-06T06:03:11.925Z] INFO: token generation starts.
[2025-02-06T06:03:11.927Z] INFO: generateToken ends
[2025-02-06T06:03:46.744Z] ERROR: exception occurred at checkAccountExist : {"_original":{"phoneNumber":"+919654853181","email":"aakumar66333@gmail.com"},"details":[{"message":"Provide either Phone number or Email, but not both or neither","path":[],"type":"object.xor","context":{"peers":["phoneNumber","email"],"peersWithLabels":["phoneNumber","email"],"present":["phoneNumber","email"],"presentWithLabels":["phoneNumber","email"],"label":"value","value":{"phoneNumber":"+919654853181","email":"aakumar66333@gmail.com"}}}]}
